2026-02-26 10:12:15,227 - INFO - Chemistry Department Server initialized successfully.
2026-02-26 10:12:15,600 - INFO - Chemistry Department Server initialized successfully.
2026-02-26 10:15:46,350 - INFO - Someone requested the notice board.
2026-02-26 10:42:45,000 - INFO - Chemistry Department Server initialized successfully.
2026-02-26 10:42:45,383 - INFO - Chemistry Department Server initialized successfully.
2026-02-26 10:44:24,479 - INFO - Someone requested the notice board.
2026-02-26 10:44:31,750 - INFO - Someone requested the notice board.
2026-02-26 10:44:31,753 - INFO - Someone requested the notice board.
2026-02-26 19:20:32,586 - INFO - Chemistry Department Server initialized successfully.
2026-02-26 19:24:30,039 - INFO - Chemistry Department Server initialized successfully.
2026-02-26 19:26:33,860 - INFO - Chemistry Department Server initialized successfully.
2026-02-26 19:26:42,063 - INFO - Chemistry Department Server initialized successfully.
2026-02-26 19:26:42,438 - INFO - Chemistry Department Server initialized successfully.
2026-02-26 19:28:58,463 - INFO - Fetching all notices from the database.
2026-02-26 19:28:58,472 - INFO - Fetching all notices from the database.
2026-02-26 19:29:49,047 - INFO - Creating new notice: no thing
2026-02-26 19:30:28,625 - INFO - Creating new notice: no one
2026-02-26 19:30:49,119 - INFO - Creating new notice: wejidqjk
2026-02-26 23:34:37,817 - INFO - Chemistry Department Server initialized successfully.
2026-02-26 23:34:38,204 - INFO - Chemistry Department Server initialized successfully.
2026-02-26 23:36:12,109 - INFO - Fetching all notices from the database.
2026-02-26 23:36:12,116 - INFO - Fetching all notices from the database.
2026-02-26 23:37:17,970 - INFO - Chemistry Department Server initialized successfully.
2026-02-26 23:37:18,329 - INFO - Chemistry Department Server initialized successfully.
2026-02-26 23:38:27,973 - INFO - Creating new notice: sample title
2026-02-26 23:39:28,041 - INFO - Fetching all notices from the database.
2026-02-26 23:39:28,047 - INFO - Fetching all notices from the database.
2026-02-26 23:39:33,088 - INFO - Fetching all notices from the database.
2026-02-26 23:39:33,091 - INFO - Fetching all notices from the database.
2026-02-26 23:39:48,149 - INFO - Fetching all notices from the database.
2026-02-26 23:39:48,152 - INFO - Fetching all notices from the database.
2026-02-26 23:42:31,472 - INFO - Fetching all notices from the database.
2026-02-26 23:42:31,475 - INFO - Fetching all notices from the database.
2026-02-27 22:52:36,455 - INFO - Super Admin account generated successfully!
2026-02-27 22:52:36,456 - INFO - Chemistry Department Server initialized successfully.
2026-02-27 22:52:36,865 - INFO - Chemistry Department Server initialized successfully.
2026-02-27 22:56:35,954 - INFO - Chemistry Department Server initialized successfully.
2026-02-27 22:56:52,735 - INFO - Successfully registered new faculty: dr.sharma@smail.iitm.ac.in
2026-02-27 22:56:52,801 - INFO - Successfully registered new student: cy26b001@smail.iitm.ac.in
2026-02-27 23:01:24,445 - INFO - Chemistry Department Server initialized successfully.
2026-02-27 23:02:01,161 - INFO - Chemistry Department Server initialized successfully.
2026-02-27 23:04:02,527 - INFO - Chemistry Department Server initialized successfully.
2026-02-27 23:06:20,805 - INFO - Chemistry Department Server initialized successfully.
2026-02-27 23:06:38,153 - INFO - Successful login for faculty: dr.sharma@smail.iitm.ac.in
2026-02-27 23:09:41,740 - INFO - Chemistry Department Server initialized successfully.
2026-02-28 10:06:24,107 - INFO - Chemistry Department Server initialized successfully.
2026-02-28 10:06:24,593 - INFO - Chemistry Department Server initialized successfully.
2026-02-28 10:06:30,126 - WARNING - Failed login attempt for email: cy25b009@smail.iitm.ac.in
2026-02-28 10:06:38,005 - WARNING - Failed login attempt for email: cy25b009@smail.iitm.ac.in
2026-02-28 10:09:57,934 - WARNING - Failed login attempt for email: dr.sharma@smail.iitm.ac.in
2026-02-28 10:10:16,626 - INFO - Successful login for faculty: dr.sharma@smail.iitm.ac.in
2026-02-28 10:17:02,894 - INFO - Successful login for faculty: dr.sharma@smail.iitm.ac.in
2026-02-28 10:19:04,567 - INFO - Successful login for faculty: dr.sharma@smail.iitm.ac.in
2026-02-28 10:33:54,363 - INFO - Successful login for faculty: dr.sharma@smail.iitm.ac.in
2026-02-28 10:38:43,906 - INFO - Chemistry Department Server initialized successfully.
2026-02-28 10:39:13,637 - INFO - Chemistry Department Server initialized successfully.
2026-02-28 10:40:00,170 - INFO - Successful login for faculty: dr.sharma@smail.iitm.ac.in
2026-02-28 10:40:17,864 - INFO - Notice created by faculty (ID: 2)
2026-02-28 10:43:55,962 - INFO - Chemistry Department Server initialized successfully.
2026-02-28 11:27:29,466 - INFO - Successful login for faculty: dr.sharma@smail.iitm.ac.in
2026-02-28 11:28:29,618 - INFO - Successful login for admin: admin@smail.iitm.ac.in
2026-02-28 11:30:25,604 - INFO - Successfully registered new student: cy25b009@smail.iitm.ac.in
2026-02-28 11:31:04,168 - WARNING - Failed login attempt for email: cy25b009@smail.iitm.ac.in
2026-02-28 11:31:27,623 - INFO - Successful login for student: cy25b009@smail.iitm.ac.in
2026-02-28 11:37:54,841 - INFO - Successful login for faculty: dr.sharma@smail.iitm.ac.in
2026-02-28 11:45:50,304 - INFO - Chemistry Department Server initialized successfully.
2026-02-28 11:48:05,277 - INFO - Super Admin account generated successfully!
2026-02-28 11:48:05,277 - INFO - Chemistry Department Server initialized successfully.
2026-02-28 11:48:05,675 - INFO - Chemistry Department Server initialized successfully.
2026-02-28 11:49:20,729 - INFO - Chemistry Department Server initialized successfully.
2026-02-28 11:54:35,369 - WARNING - Failed login attempt for email: dr.sharma@smail.iitm.ac.in
2026-02-28 11:56:18,794 - INFO - Chemistry Department Server initialized successfully.
2026-02-28 11:56:19,209 - INFO - Chemistry Department Server initialized successfully.
2026-02-28 11:57:07,922 - WARNING - Failed login attempt for email: dr.sharma@smail.iitm.ac.in
2026-02-28 11:57:38,315 - INFO - Successful login for admin: admin@smail.iitm.ac.in
2026-02-28 11:59:52,401 - INFO - Successfully registered new faculty: dr.sharma@smail.iitm.ac.in
2026-02-28 12:00:36,042 - INFO - Notice created by System Admin (ID: 1)
2026-02-28 12:17:53,880 - INFO - Chemistry Department Server initialized successfully.
2026-02-28 12:18:50,821 - INFO - Chemistry Department Server initialized successfully.
2026-02-28 12:22:54,994 - INFO - Successful login for admin: admin@smail.iitm.ac.in
2026-02-28 12:23:16,330 - INFO - Notice created by System Admin (ID: 1)
2026-02-28 16:46:17,380 - INFO - Chemistry Department Server initialized successfully.
2026-02-28 16:46:17,868 - INFO - Chemistry Department Server initialized successfully.
2026-02-28 17:02:55,493 - INFO - Chemistry Department Server initialized successfully.
2026-02-28 17:06:26,829 - INFO - Super Admin account generated successfully!
2026-02-28 17:06:26,830 - INFO - Chemistry Department Server initialized successfully.
2026-02-28 17:08:15,722 - INFO - Chemistry Department Server initialized successfully.
2026-02-28 17:10:01,250 - INFO - Chemistry Department Server initialized successfully.
2026-02-28 17:10:08,229 - INFO - Chemistry Department Server initialized successfully.
2026-02-28 17:22:09,798 - INFO - Super Admin account generated successfully!
2026-02-28 17:22:09,798 - INFO - Chemistry Department Server initialized successfully.
2026-02-28 17:22:33,248 - INFO - Chemistry Department Server initialized successfully.
2026-02-28 17:22:55,626 - INFO - Chemistry Department Server initialized successfully.
2026-02-28 17:24:27,872 - INFO - Chemistry Department Server initialized successfully.
2026-02-28 17:24:45,624 - INFO - Chemistry Department Server initialized successfully.
2026-02-28 17:25:02,100 - INFO - Chemistry Department Server initialized successfully.
2026-02-28 17:37:16,115 - INFO - Chemistry Department Server initialized successfully.
2026-02-28 17:37:35,591 - INFO - Chemistry Department Server initialized successfully.
2026-02-28 17:41:07,635 - INFO - Chemistry Department Server initialized successfully.
2026-02-28 17:41:16,153 - INFO - Chemistry Department Server initialized successfully.
2026-02-28 17:41:16,609 - INFO - Chemistry Department Server initialized successfully.
2026-02-28 17:43:31,345 - INFO - Chemistry Department Server initialized successfully.
2026-02-28 17:43:31,797 - INFO - Chemistry Department Server initialized successfully.
2026-02-28 17:45:22,300 - INFO - Chemistry Department Server initialized successfully.
2026-02-28 17:45:22,785 - INFO - Chemistry Department Server initialized successfully.
2026-02-28 22:44:48,665 - INFO - Chemistry Department Server initialized successfully.
2026-02-28 22:44:49,177 - INFO - Chemistry Department Server initialized successfully.
2026-02-28 22:49:11,700 - INFO - Chemistry Department Server initialized successfully.
2026-02-28 22:50:02,927 - INFO - Chemistry Department Server initialized successfully.
2026-02-28 22:51:11,749 - INFO - Chemistry Department Server initialized successfully.
2026-02-28 22:51:12,207 - INFO - Chemistry Department Server initialized successfully.
2026-02-28 22:53:16,696 - INFO - Chemistry Department Server initialized successfully.
2026-02-28 22:54:59,699 - INFO - Chemistry Department Server initialized successfully.
2026-02-28 22:56:18,141 - INFO - Chemistry Department Server initialized successfully.
2026-02-28 22:56:19,635 - INFO - Chemistry Department Server initialized successfully.
2026-02-28 22:56:25,198 - INFO - Chemistry Department Server initialized successfully.
2026-02-28 22:56:34,282 - INFO - Chemistry Department Server initialized successfully.
2026-02-28 22:56:44,017 - INFO - Chemistry Department Server initialized successfully.
2026-02-28 22:57:01,030 - INFO - Chemistry Department Server initialized successfully.
2026-02-28 22:57:01,468 - INFO - Chemistry Department Server initialized successfully.
2026-02-28 23:00:06,106 - INFO - Chemistry Department Server initialized successfully.
2026-02-28 23:00:23,321 - INFO - Chemistry Department Server initialized successfully.
2026-02-28 23:00:23,752 - INFO - Chemistry Department Server initialized successfully.
2026-02-28 23:04:18,080 - INFO - Chemistry Department Server initialized successfully.
2026-02-28 23:05:27,286 - INFO - Chemistry Department Server initialized successfully.
2026-02-28 23:06:02,971 - INFO - Chemistry Department Server initialized successfully.
2026-02-28 23:06:03,444 - INFO - Chemistry Department Server initialized successfully.
2026-02-28 23:06:25,053 - INFO - Successful login for admin: admin@smail.iitm.ac.in
2026-02-28 23:08:59,436 - INFO - Chemistry Department Server initialized successfully.
2026-02-28 23:09:07,963 - INFO - Successful login for admin: admin@smail.iitm.ac.in
2026-02-28 23:11:06,079 - INFO - Chemistry Department Server initialized successfully.
2026-02-28 23:14:09,895 - INFO - Admin created a new student account: cy25b009@smail.iitm.ac.in
2026-02-28 23:14:37,156 - INFO - Admin toggled User ID 2 status to Suspended.
2026-02-28 23:14:39,486 - INFO - Admin toggled User ID 2 status to Activated.
2026-02-28 23:21:42,141 - INFO - Successful login for admin: admin@smail.iitm.ac.in
2026-02-28 23:26:49,774 - INFO - Successful login for student: cy25b009@smail.iitm.ac.in
2026-02-28 23:27:56,741 - INFO - Successful login for student: cy25b009@smail.iitm.ac.in
2026-02-28 23:35:49,693 - INFO - Chemistry Department Server initialized successfully.
2026-02-28 23:37:05,945 - INFO - Chemistry Department Server initialized successfully.
2026-02-28 23:37:11,563 - INFO - Chemistry Department Server initialized successfully.
2026-02-28 23:37:15,132 - INFO - Chemistry Department Server initialized successfully.
2026-02-28 23:42:10,006 - INFO - Chemistry Department Server initialized successfully.
2026-02-28 23:46:11,549 - INFO - Chemistry Department Server initialized successfully.
2026-02-28 23:46:12,010 - INFO - Chemistry Department Server initialized successfully.
2026-02-28 23:46:14,146 - INFO - Successful login for admin: admin@smail.iitm.ac.in
2026-02-28 23:48:00,167 - INFO - Admin created a new faculty account: prof@smail.iitm.ac.in
2026-02-28 23:48:34,762 - INFO - Successful login for faculty: prof@smail.iitm.ac.in
2026-02-28 23:51:12,813 - INFO - Notice published by Prof. Kumar
2026-02-28 23:51:44,077 - INFO - Successful login for student: cy25b009@smail.iitm.ac.in
2026-03-01 00:00:13,971 - INFO - Chemistry Department Server initialized successfully.
2026-03-01 00:00:51,726 - INFO - Successful login for student: cy25b009@smail.iitm.ac.in
2026-03-01 00:01:03,944 - INFO - Chemistry Department Server initialized successfully.
2026-03-01 00:01:53,463 - INFO - Successful login for faculty: prof@smail.iitm.ac.in
2026-03-01 00:02:52,264 - INFO - Successful login for faculty: prof@smail.iitm.ac.in
2026-03-01 00:03:37,865 - INFO - Chemistry Department Server initialized successfully.
2026-03-01 00:04:13,755 - INFO - Chemistry Department Server initialized successfully.
2026-03-01 00:04:14,206 - INFO - Chemistry Department Server initialized successfully.
2026-03-01 00:04:43,418 - INFO - Successful login for faculty: prof@smail.iitm.ac.in
2026-03-01 00:05:12,788 - INFO - Successful login for faculty: prof@smail.iitm.ac.in
2026-03-01 00:07:40,553 - INFO - Chemistry Department Server initialized successfully.
2026-03-01 00:07:53,789 - INFO - Chemistry Department Server initialized successfully.
2026-03-01 00:07:54,267 - INFO - Chemistry Department Server initialized successfully.
2026-03-01 00:08:31,431 - INFO - Notice published by Prof. Sanjay Kumar
2026-03-01 00:09:14,182 - INFO - Notice published by Prof. Sanjay Kumar
2026-03-02 15:59:43,864 - INFO - Chemistry Department Server initialized successfully.
2026-03-02 15:59:44,372 - INFO - Chemistry Department Server initialized successfully.
2026-03-02 16:00:14,514 - INFO - Successful login for admin: admin@smail.iitm.ac.in
2026-03-02 16:01:52,832 - INFO - Successful login for faculty: prof@smail.iitm.ac.in
2026-03-02 16:05:43,371 - INFO - Successful login for admin: admin@smail.iitm.ac.in
2026-03-02 16:06:41,512 - INFO - Successful login for admin: admin@smail.iitm.ac.in
2026-03-02 16:14:43,956 - INFO - Admin toggled User ID 2 status to Suspended.
2026-03-02 16:14:48,019 - INFO - Admin toggled User ID 2 status to Activated.
2026-03-02 16:14:51,488 - INFO - Admin toggled User ID 3 status to Suspended.
2026-03-02 16:14:53,450 - INFO - Admin toggled User ID 3 status to Activated.
2026-03-02 16:14:54,588 - INFO - Admin toggled User ID 3 status to Suspended.
2026-03-02 16:14:56,923 - INFO - Admin toggled User ID 3 status to Activated.
2026-03-02 16:18:03,527 - INFO - Successful login for faculty: prof@smail.iitm.ac.in
2026-03-02 16:30:41,455 - INFO - Chemistry Department Server initialized successfully.
2026-03-03 19:37:11,322 - INFO - Chemistry Department Server initialized successfully.
2026-03-03 19:37:11,821 - INFO - Chemistry Department Server initialized successfully.
2026-03-03 19:39:04,869 - INFO - Successful login for admin: admin@smail.iitm.ac.in
2026-03-03 19:43:06,295 - INFO - Admin toggled User ID 2 status to Suspended.
2026-03-03 19:43:11,571 - INFO - Admin toggled User ID 3 status to Suspended.
2026-03-06 18:48:35,613 - INFO - Chemistry Department Server initialized successfully.
2026-03-06 18:48:36,057 - INFO - Chemistry Department Server initialized successfully.
